<?xml version="1.0" encoding="UTF-8"?>
<!-- Generated by org.testng.reporters.JUnitXMLReporter -->
<testsuite ignored="0" hostname="DESKTOP-TD0U1VE" failures="0" tests="6" name="regression1" time="17.979" errors="0" timestamp="2022-03-28T07:31:55 IST">
  <testcase classname="apptest.HomePageTest3" name="openSauceLabHomePageTest" time="2.045"/>
  <testcase classname="apptest.HomePageTest3" name="openGoogleHomePageTest" time="7.063"/>
  <testcase classname="apptest.HomePageTest4" name="googleSearchTest" time="6.399"/>
  <testcase classname="apptest.HomePageTest3" name="googleSearchTest" time="7.206"/>
  <testcase classname="apptest.HomePageTest4" name="openGoogleHomePageTest" time="5.879"/>
  <testcase classname="apptest.HomePageTest4" name="openSauceLabHomePageTest" time="1.264"/>
</testsuite> <!-- regression1 -->
